# JRE version: OpenJDK Runtime Environment (8.0_131-b11) (build 1.8.0_131-b11)
# Java VM: OpenJDK 64-Bit Server VM (25.131-b11 mixed mode linux-amd64 compressed oops)
Heap:
 PSYoungGen      total 503296K, used 0K [0x00000006c0000000, 0x00000006e2b00000, 0x00000007c0000000)
  eden space 469504K, 0% used [0x00000006c0000000,0x00000006c0000000,0x00000006dca80000)
  from space 33792K, 0% used [0x00000006e0a00000,0x00000006e0a00000,0x00000006e2b00000)
  to   space 43520K, 0% used [0x00000006dd600000,0x00000006dd600000,0x00000006e0080000)
 ParOldGen       total 1465856K, used 104149K [0x00000004c0000000, 0x0000000519780000, 0x00000006c0000000)
  object space 1465856K, 7% used [0x00000004c0000000,0x00000004c65b5658,0x0000000519780000)
 Metaspace       used 91316K, capacity 98561K, committed 98600K, reserved 1134592K
  class space    used 11493K, capacity 13594K, committed 13616K, reserved 1048576K
GC Heap History (10 events):
Event: 18.491 GC heap after
Heap after GC invocations=3 (full 1):
 PSYoungGen      total 307712K, used 22138K [0x00000006c0000000, 0x00000006e4080000, 0x00000007c0000000)
  eden space 285184K, 0% used [0x00000006c0000000,0x00000006c0000000,0x00000006d1680000)
  from space 22528K, 98% used [0x00000006e2a80000,0x00000006e401eb58,0x00000006e4080000)
  to   space 43520K, 0% used [0x00000006deb80000,0x00000006deb80000,0x00000006e1600000)
 ParOldGen       total 699392K, used 20142K [0x00000004c0000000, 0x00000004eab00000, 0x00000006c0000000)
  object space 699392K, 2% used [0x00000004c0000000,0x00000004c13ab880,0x00000004eab00000)
 Metaspace       used 32716K, capacity 35258K, committed 35496K, reserved 1081344K
  class space    used 3451K, capacity 4148K, committed 4272K, reserved 1048576K
}
Event: 18.494 GC heap before
{Heap before GC invocations=4 (full 2):
 PSYoungGen      total 307712K, used 22138K [0x00000006c0000000, 0x00000006e4080000, 0x00000007c0000000)
  eden space 285184K, 0% used [0x00000006c0000000,0x00000006c0000000,0x00000006d1680000)
  from space 22528K, 98% used [0x00000006e2a80000,0x00000006e401eb58,0x00000006e4080000)
  to   space 43520K, 0% used [0x00000006deb80000,0x00000006deb80000,0x00000006e1600000)
 ParOldGen       total 699392K, used 20142K [0x00000004c0000000, 0x00000004eab00000, 0x00000006c0000000)
  object space 699392K, 2% used [0x00000004c0000000,0x00000004c13ab880,0x00000004eab00000)
 Metaspace       used 32716K, capacity 35258K, committed 35496K, reserved 1081344K
  class space    used 3451K, capacity 4148K, committed 4272K, reserved 1048576K
Event: 18.813 GC heap after
Heap after GC invocations=4 (full 2):
 PSYoungGen      total 307712K, used 0K [0x00000006c0000000, 0x00000006e4080000, 0x00000007c0000000)
  eden space 285184K, 0% used [0x00000006c0000000,0x00000006c0000000,0x00000006d1680000)
  from space 22528K, 0% used [0x00000006e2a80000,0x00000006e2a80000,0x00000006e4080000)
  to   space 43520K, 0% used [0x00000006deb80000,0x00000006deb80000,0x00000006e1600000)
 ParOldGen       total 958464K, used 34492K [0x00000004c0000000, 0x00000004fa800000, 0x00000006c0000000)
  object space 958464K, 3% used [0x00000004c0000000,0x00000004c21af378,0x00000004fa800000)
 Metaspace       used 32716K, capacity 35258K, committed 35496K, reserved 1081344K
  class space    used 3451K, capacity 4148K, committed 4272K, reserved 1048576K
}
Event: 31.243 GC heap before
{Heap before GC invocations=5 (full 2):
 PSYoungGen      total 307712K, used 139611K [0x00000006c0000000, 0x00000006e4080000, 0x00000007c0000000)
  eden space 285184K, 48% used [0x00000006c0000000,0x00000006c8856ff0,0x00000006d1680000)
  from space 22528K, 0% used [0x00000006e2a80000,0x00000006e2a80000,0x00000006e4080000)
  to   space 43520K, 0% used [0x00000006deb80000,0x00000006deb80000,0x00000006e1600000)
 ParOldGen       total 958464K, used 34492K [0x00000004c0000000, 0x00000004fa800000, 0x00000006c0000000)
  object space 958464K, 3% used [0x00000004c0000000,0x00000004c21af378,0x00000004fa800000)
 Metaspace       used 54028K, capacity 58980K, committed 59160K, reserved 1101824K
  class space    used 6155K, capacity 7529K, committed 7600K, reserved 1048576K
Event: 31.296 GC heap after
Heap after GC invocations=5 (full 2):
 PSYoungGen      total 343552K, used 30881K [0x00000006c0000000, 0x00000006e2b00000, 0x00000007c0000000)
  eden space 312320K, 0% used [0x00000006c0000000,0x00000006c0000000,0x00000006d3100000)
  from space 31232K, 98% used [0x00000006deb80000,0x00000006e09a85f0,0x00000006e0a00000)
  to   space 33792K, 0% used [0x00000006e0a00000,0x00000006e0a00000,0x00000006e2b00000)
 ParOldGen       total 958464K, used 34500K [0x00000004c0000000, 0x00000004fa800000, 0x00000006c0000000)
  object space 958464K, 3% used [0x00000004c0000000,0x00000004c21b1378,0x00000004fa800000)
 Metaspace       used 54028K, capacity 58980K, committed 59160K, reserved 1101824K
  class space    used 6155K, capacity 7529K, committed 7600K, reserved 1048576K
}
Event: 31.296 GC heap before
{Heap before GC invocations=6 (full 3):
 PSYoungGen      total 343552K, used 30881K [0x00000006c0000000, 0x00000006e2b00000, 0x00000007c0000000)
  eden space 312320K, 0% used [0x00000006c0000000,0x00000006c0000000,0x00000006d3100000)
  from space 31232K, 98% used [0x00000006deb80000,0x00000006e09a85f0,0x00000006e0a00000)
  to   space 33792K, 0% used [0x00000006e0a00000,0x00000006e0a00000,0x00000006e2b00000)
 ParOldGen       total 958464K, used 34500K [0x00000004c0000000, 0x00000004fa800000, 0x00000006c0000000)
  object space 958464K, 3% used [0x00000004c0000000,0x00000004c21b1378,0x00000004fa800000)
 Metaspace       used 54028K, capacity 58980K, committed 59160K, reserved 1101824K
  class space    used 6155K, capacity 7529K, committed 7600K, reserved 1048576K
Event: 31.555 GC heap after
Heap after GC invocations=6 (full 3):
 PSYoungGen      total 343552K, used 0K [0x00000006c0000000, 0x00000006e2b00000, 0x00000007c0000000)
  eden space 312320K, 0% used [0x00000006c0000000,0x00000006c0000000,0x00000006d3100000)
  from space 31232K, 0% used [0x00000006deb80000,0x00000006deb80000,0x00000006e0a00000)
  to   space 33792K, 0% used [0x00000006e0a00000,0x00000006e0a00000,0x00000006e2b00000)
 ParOldGen       total 1465856K, used 55144K [0x00000004c0000000, 0x0000000519780000, 0x00000006c0000000)
  object space 1465856K, 3% used [0x00000004c0000000,0x00000004c35da188,0x0000000519780000)
 Metaspace       used 54028K, capacity 58980K, committed 59160K, reserved 1101824K
  class space    used 6155K, capacity 7529K, committed 7600K, reserved 1048576K
}
Event: 43.454 GC heap before
{Heap before GC invocations=7 (full 3):
 PSYoungGen      total 343552K, used 277394K [0x00000006c0000000, 0x00000006e2b00000, 0x00000007c0000000)
  eden space 312320K, 88% used [0x00000006c0000000,0x00000006d0ee4930,0x00000006d3100000)
  from space 31232K, 0% used [0x00000006deb80000,0x00000006deb80000,0x00000006e0a00000)
  to   space 33792K, 0% used [0x00000006e0a00000,0x00000006e0a00000,0x00000006e2b00000)
 ParOldGen       total 1465856K, used 55144K [0x00000004c0000000, 0x0000000519780000, 0x00000006c0000000)
  object space 1465856K, 3% used [0x00000004c0000000,0x00000004c35da188,0x0000000519780000)
 Metaspace       used 91316K, capacity 98561K, committed 98600K, reserved 1134592K
  class space    used 11493K, capacity 13594K, committed 13616K, reserved 1048576K
Event: 47.380 GC heap after
Heap after GC invocations=7 (full 3):
 PSYoungGen      total 503296K, used 33779K [0x00000006c0000000, 0x00000006e2b00000, 0x00000007c0000000)
  eden space 469504K, 0% used [0x00000006c0000000,0x00000006c0000000,0x00000006dca80000)
  from space 33792K, 99% used [0x00000006e0a00000,0x00000006e2afce90,0x00000006e2b00000)
  to   space 43520K, 0% used [0x00000006dd600000,0x00000006dd600000,0x00000006e0080000)
 ParOldGen       total 1465856K, used 94024K [0x00000004c0000000, 0x0000000519780000, 0x00000006c0000000)
  object space 1465856K, 6% used [0x00000004c0000000,0x00000004c5bd2110,0x0000000519780000)
 Metaspace       used 91316K, capacity 98561K, committed 98600K, reserved 1134592K
  class space    used 11493K, capacity 13594K, committed 13616K, reserved 1048576K
}
Event: 47.381 GC heap before
{Heap before GC invocations=8 (full 4):
 PSYoungGen      total 503296K, used 33779K [0x00000006c0000000, 0x00000006e2b00000, 0x00000007c0000000)
  eden space 469504K, 0% used [0x00000006c0000000,0x00000006c0000000,0x00000006dca80000)
  from space 33792K, 99% used [0x00000006e0a00000,0x00000006e2afce90,0x00000006e2b00000)
  to   space 43520K, 0% used [0x00000006dd600000,0x00000006dd600000,0x00000006e0080000)
 ParOldGen       total 1465856K, used 94024K [0x00000004c0000000, 0x0000000519780000, 0x00000006c0000000)
  object space 1465856K, 6% used [0x00000004c0000000,0x00000004c5bd2110,0x0000000519780000)
 Metaspace       used 91316K, capacity 98561K, committed 98600K, reserved 1134592K
  class space    used 11493K, capacity 13594K, committed 13616K, reserved 1048576K

